<?xml version="1.0" encoding="UTF-8"?>
<testng-results ignored="0" total="4" passed="4" failed="0" skipped="0">
  <reporter-output>
  </reporter-output>
  <suite started-at="2025-07-04T12:58:29 IST" name="Suite1" finished-at="2025-07-04T13:00:12 IST" duration-ms="103035">
    <groups>
      <group name="Master">
        <method signature="TC001_AccountRegistrationTest.verify_account_registration()[pri:0, instance:TestCases.TC001_AccountRegistrationTest@5629510]" name="verify_account_registration" class="TestCases.TC001_AccountRegistrationTest"/>
        <method signature="TC002_LoginTest.verify_login()[pri:0, instance:TestCases.TC002_LoginTest@75f95314]" name="verify_login" class="TestCases.TC002_LoginTest"/>
        <method signature="TC001_AccountRegistrationTest.verify_account_registration()[pri:0, instance:TestCases.TC001_AccountRegistrationTest@59d2400d]" name="verify_account_registration" class="TestCases.TC001_AccountRegistrationTest"/>
        <method signature="TC002_LoginTest.verify_login()[pri:0, instance:TestCases.TC002_LoginTest@22ffa91a]" name="verify_login" class="TestCases.TC002_LoginTest"/>
      </group> <!-- Master -->
      <group name="Sanity">
        <method signature="TC002_LoginTest.verify_login()[pri:0, instance:TestCases.TC002_LoginTest@75f95314]" name="verify_login" class="TestCases.TC002_LoginTest"/>
        <method signature="TC002_LoginTest.verify_login()[pri:0, instance:TestCases.TC002_LoginTest@22ffa91a]" name="verify_login" class="TestCases.TC002_LoginTest"/>
      </group> <!-- Sanity -->
      <group name="Regression">
        <method signature="TC001_AccountRegistrationTest.verify_account_registration()[pri:0, instance:TestCases.TC001_AccountRegistrationTest@5629510]" name="verify_account_registration" class="TestCases.TC001_AccountRegistrationTest"/>
        <method signature="TC001_AccountRegistrationTest.verify_account_registration()[pri:0, instance:TestCases.TC001_AccountRegistrationTest@59d2400d]" name="verify_account_registration" class="TestCases.TC001_AccountRegistrationTest"/>
      </group> <!-- Regression -->
    </groups>
    <test started-at="2025-07-04T12:58:29 IST" name="Test1" finished-at="2025-07-04T12:59:34 IST" duration-ms="65300">
      <class name="TestCases.TC001_AccountRegistrationTest">
        <test-method is-config="true" signature="setup(java.lang.String,java.lang.String)[pri:0, instance:TestCases.TC001_AccountRegistrationTest@5629510]" started-at="2025-07-04T12:58:29 IST" name="setup" finished-at="2025-07-04T12:59:12 IST" duration-ms="42878" status="PASS">
          <params>
            <param index="0">
              <value>
                <![CDATA[Linux]]>
              </value>
            </param>
            <param index="1">
              <value>
                <![CDATA[Firefox]]>
              </value>
            </param>
          </params>
          <reporter-output>
          </reporter-output>
        </test-method> <!-- setup -->
        <test-method signature="verify_account_registration()[pri:0, instance:TestCases.TC001_AccountRegistrationTest@5629510]" started-at="2025-07-04T12:59:12 IST" name="verify_account_registration" finished-at="2025-07-04T12:59:18 IST" duration-ms="6024" status="PASS">
          <reporter-output>
          </reporter-output>
        </test-method> <!-- verify_account_registration -->
        <test-method is-config="true" signature="tearrDown()[pri:0, instance:TestCases.TC001_AccountRegistrationTest@5629510]" started-at="2025-07-04T12:59:18 IST" name="tearrDown" finished-at="2025-07-04T12:59:21 IST" duration-ms="2367" status="PASS">
          <reporter-output>
          </reporter-output>
        </test-method> <!-- tearrDown -->
      </class> <!-- TestCases.TC001_AccountRegistrationTest -->
      <class name="TestCases.TC002_LoginTest">
        <test-method is-config="true" signature="setup(java.lang.String,java.lang.String)[pri:0, instance:TestCases.TC002_LoginTest@75f95314]" started-at="2025-07-04T12:59:21 IST" name="setup" finished-at="2025-07-04T12:59:30 IST" duration-ms="8841" status="PASS">
          <params>
            <param index="0">
              <value>
                <![CDATA[Linux]]>
              </value>
            </param>
            <param index="1">
              <value>
                <![CDATA[Firefox]]>
              </value>
            </param>
          </params>
          <reporter-output>
          </reporter-output>
        </test-method> <!-- setup -->
        <test-method signature="verify_login()[pri:0, instance:TestCases.TC002_LoginTest@75f95314]" started-at="2025-07-04T12:59:30 IST" name="verify_login" finished-at="2025-07-04T12:59:32 IST" duration-ms="2402" status="PASS">
          <reporter-output>
          </reporter-output>
        </test-method> <!-- verify_login -->
        <test-method is-config="true" signature="tearrDown()[pri:0, instance:TestCases.TC002_LoginTest@75f95314]" started-at="2025-07-04T12:59:32 IST" name="tearrDown" finished-at="2025-07-04T12:59:34 IST" duration-ms="2003" status="PASS">
          <reporter-output>
          </reporter-output>
        </test-method> <!-- tearrDown -->
      </class> <!-- TestCases.TC002_LoginTest -->
    </test> <!-- Test1 -->
    <test started-at="2025-07-04T12:59:38 IST" name="Test2" finished-at="2025-07-04T13:00:12 IST" duration-ms="33679">
      <class name="TestCases.TC001_AccountRegistrationTest">
        <test-method is-config="true" signature="setup(java.lang.String,java.lang.String)[pri:0, instance:TestCases.TC001_AccountRegistrationTest@59d2400d]" started-at="2025-07-04T12:59:38 IST" name="setup" finished-at="2025-07-04T12:59:52 IST" duration-ms="13779" status="PASS">
          <params>
            <param index="0">
              <value>
                <![CDATA[Linux]]>
              </value>
            </param>
            <param index="1">
              <value>
                <![CDATA[Chrome]]>
              </value>
            </param>
          </params>
          <reporter-output>
          </reporter-output>
        </test-method> <!-- setup -->
        <test-method signature="verify_account_registration()[pri:0, instance:TestCases.TC001_AccountRegistrationTest@59d2400d]" started-at="2025-07-04T12:59:52 IST" name="verify_account_registration" finished-at="2025-07-04T13:00:05 IST" duration-ms="12938" status="PASS">
          <reporter-output>
          </reporter-output>
        </test-method> <!-- verify_account_registration -->
        <test-method is-config="true" signature="tearrDown()[pri:0, instance:TestCases.TC001_AccountRegistrationTest@59d2400d]" started-at="2025-07-04T13:00:05 IST" name="tearrDown" finished-at="2025-07-04T13:00:05 IST" duration-ms="248" status="PASS">
          <reporter-output>
          </reporter-output>
        </test-method> <!-- tearrDown -->
      </class> <!-- TestCases.TC001_AccountRegistrationTest -->
      <class name="TestCases.TC002_LoginTest">
        <test-method is-config="true" signature="setup(java.lang.String,java.lang.String)[pri:0, instance:TestCases.TC002_LoginTest@22ffa91a]" started-at="2025-07-04T13:00:05 IST" name="setup" finished-at="2025-07-04T13:00:08 IST" duration-ms="2772" status="PASS">
          <params>
            <param index="0">
              <value>
                <![CDATA[Linux]]>
              </value>
            </param>
            <param index="1">
              <value>
                <![CDATA[Chrome]]>
              </value>
            </param>
          </params>
          <reporter-output>
          </reporter-output>
        </test-method> <!-- setup -->
        <test-method signature="verify_login()[pri:0, instance:TestCases.TC002_LoginTest@22ffa91a]" started-at="2025-07-04T13:00:08 IST" name="verify_login" finished-at="2025-07-04T13:00:11 IST" duration-ms="3733" status="PASS">
          <reporter-output>
          </reporter-output>
        </test-method> <!-- verify_login -->
        <test-method is-config="true" signature="tearrDown()[pri:0, instance:TestCases.TC002_LoginTest@22ffa91a]" started-at="2025-07-04T13:00:11 IST" name="tearrDown" finished-at="2025-07-04T13:00:12 IST" duration-ms="194" status="PASS">
          <reporter-output>
          </reporter-output>
        </test-method> <!-- tearrDown -->
      </class> <!-- TestCases.TC002_LoginTest -->
    </test> <!-- Test2 -->
  </suite> <!-- Suite1 -->
</testng-results>
