<?xml version="1.0" encoding="UTF-8"?>
<!-- Generated by org.testng.reporters.JUnitReportReporter -->
<testsuite hostname="LAPTOP-MIUFGJQP" failures="0" tests="2" name="TestCases.TC001_AccountRegistrationTest" time="18.962" errors="0" timestamp="2025-07-04T13:00:13 IST" skipped="0">
  <testcase classname="TestCases.TC001_AccountRegistrationTest" name="verify_account_registration" time="12.938"/>
  <testcase classname="TestCases.TC001_AccountRegistrationTest" name="verify_account_registration" time="6.024"/>
</testsuite> <!-- TestCases.TC001_AccountRegistrationTest -->
